
1월 15, 2019 01:10:16.25 NEW SESSION
1월 15, 2019 01:10:16.25 [3864:4520:0115/011016.247:ERROR:http_bridge.cc(126)] NOT IMPLEMENTED
1월 15, 2019 01:10:16.38 
1월 15, 2019 01:10:16.38 KLIB_SelfTest return : KLR_OK
1월 15, 2019 01:10:26.00 [2212:14784:0115/011026.008:ERROR:http_bridge.cc(126)] NOT IMPLEMENTED

1월 15, 2019 21:04:23.47 NEW SESSION
1월 15, 2019 21:04:23.47 [7956:14648:0115/210423.456:ERROR:connection_factory_impl.cc(408)] Failed to connect to MCS endpoint with error -21
1월 15, 2019 21:04:25.60 [7956:14648:0115/210425.602:ERROR:connection_factory_impl.cc(408)] Failed to connect to MCS endpoint with error -106
1월 15, 2019 21:05:46.54 [7956:6224:0115/210546.547:ERROR:http_bridge.cc(126)] NOT IMPLEMENTED
1월 15, 2019 21:05:46.90 
1월 15, 2019 21:05:46.90 KLIB_SelfTest return : KLR_OK

1월 16, 2019 19:05:11.22 NEW SESSION
1월 16, 2019 19:05:11.22 [12372:7576:0116/190511.223:ERROR:connection_factory_impl.cc(408)] Failed to connect to MCS endpoint with error -106
1월 16, 2019 19:05:34.05 [12372:7576:0116/190534.050:ERROR:connection_factory_impl.cc(408)] Failed to connect to MCS endpoint with error -106
1월 16, 2019 19:05:44.78 [12372:3148:0116/190544.788:ERROR:account_tracker.cc(240)] AccessTokenFetched error: Connection failed (-106).
1월 16, 2019 19:05:45.48 [12372:3148:0116/190545.487:ERROR:account_info_fetcher.cc(59)] OnGetTokenFailure: Connection failed (-106).
1월 16, 2019 19:09:28.26 [12372:3148:0116/190928.268:ERROR:http_bridge.cc(126)] NOT IMPLEMENTED
1월 16, 2019 19:09:28.44 
1월 16, 2019 19:09:28.44 KLIB_SelfTest return : KLR_OK

1월 17, 2019 21:04:16.81 NEW SESSION
1월 17, 2019 21:04:16.81 [13792:16100:0117/210416.808:ERROR:latency_info.cc(144)] Surface::TakeLatencyInfoFromFrame, LatencyInfo vector size 102 is too big.
1월 17, 2019 21:04:17.19 [13792:16100:0117/210417.190:ERROR:latency_info.cc(144)] Surface::TakeLatencyInfoFromFrame, LatencyInfo vector size 102 is too big.
1월 17, 2019 21:54:23.76 [13792:16100:0117/215423.759:ERROR:http_bridge.cc(126)] NOT IMPLEMENTED
1월 17, 2019 21:54:23.98 
1월 17, 2019 21:54:23.98 KLIB_SelfTest return : KLR_OK
